<?xml version="1.0" encoding="UTF-8"?>
<!-- Generated by org.testng.reporters.JUnitXMLReporter -->
<testsuite ignored="0" hostname="LAPTOP-H91286KS" failures="0" tests="4" name="Test" time="12.536" errors="0" timestamp="07 Aug 2024 11:04:32 GMT">
  <testcase classname="testcases.HomePageTest" name="TC01_AddToCartTest" time="1.039"/>
  <testcase classname="testcases.LoginTest" name="TC01_LoginSuccessTest" time="1.002"/>
  <testcase classname="testcases.LoginTest" name="TC02_LoginFailureTest" time="0.338"/>
  <testcase classname="testcases.LoginTest" name="TC03_LockedUserTest" time="0.34"/>
</testsuite> <!-- Test -->
