<?xml version="1.0" encoding="UTF-8"?>
<testng-results ignored="0" total="4" passed="4" failed="0" skipped="0">
  <reporter-output>
  </reporter-output>
  <suite started-at="2024-08-07T11:04:20Z" name="Suite" finished-at="2024-08-07T11:04:32Z" duration-ms="12536">
    <groups>
    </groups>
    <test started-at="2024-08-07T11:04:20Z" name="Test" finished-at="2024-08-07T11:04:32Z" duration-ms="12536">
      <class name="testcases.HomePageTest">
        <test-method is-config="true" signature="SetUpDriver()[pri:0, instance:testcases.HomePageTest@b62d79]" started-at="2024-08-07T11:04:20Z" name="SetUpDriver" finished-at="2024-08-07T11:04:24Z" duration-ms="4611" status="PASS">
          <reporter-output>
          </reporter-output>
        </test-method> <!-- SetUpDriver -->
        <test-method signature="TC01_AddToCartTest()[pri:0, instance:testcases.HomePageTest@b62d79]" started-at="2024-08-07T11:04:24Z" name="TC01_AddToCartTest" finished-at="2024-08-07T11:04:25Z" duration-ms="1039" status="PASS">
          <reporter-output>
          </reporter-output>
        </test-method> <!-- TC01_AddToCartTest -->
        <test-method is-config="true" signature="TearDown()[pri:0, instance:testcases.HomePageTest@b62d79]" started-at="2024-08-07T11:04:25Z" name="TearDown" finished-at="2024-08-07T11:04:25Z" duration-ms="154" status="PASS">
          <reporter-output>
          </reporter-output>
        </test-method> <!-- TearDown -->
      </class> <!-- testcases.HomePageTest -->
      <class name="testcases.LoginTest">
        <test-method is-config="true" signature="SetUpDriver()[pri:0, instance:testcases.LoginTest@6631f5ca]" started-at="2024-08-07T11:04:25Z" name="SetUpDriver" finished-at="2024-08-07T11:04:27Z" duration-ms="1729" status="PASS">
          <reporter-output>
          </reporter-output>
        </test-method> <!-- SetUpDriver -->
        <test-method signature="TC01_LoginSuccessTest()[pri:0, instance:testcases.LoginTest@6631f5ca]" started-at="2024-08-07T11:04:27Z" name="TC01_LoginSuccessTest" finished-at="2024-08-07T11:04:28Z" duration-ms="1002" status="PASS">
          <reporter-output>
          </reporter-output>
        </test-method> <!-- TC01_LoginSuccessTest -->
        <test-method is-config="true" signature="TearDown()[pri:0, instance:testcases.LoginTest@6631f5ca]" started-at="2024-08-07T11:04:28Z" name="TearDown" finished-at="2024-08-07T11:04:28Z" duration-ms="164" status="PASS">
          <reporter-output>
          </reporter-output>
        </test-method> <!-- TearDown -->
        <test-method is-config="true" signature="SetUpDriver()[pri:0, instance:testcases.LoginTest@6631f5ca]" started-at="2024-08-07T11:04:28Z" name="SetUpDriver" finished-at="2024-08-07T11:04:30Z" duration-ms="1499" status="PASS">
          <reporter-output>
          </reporter-output>
        </test-method> <!-- SetUpDriver -->
        <test-method signature="TC02_LoginFailureTest()[pri:0, instance:testcases.LoginTest@6631f5ca]" started-at="2024-08-07T11:04:30Z" name="TC02_LoginFailureTest" finished-at="2024-08-07T11:04:30Z" duration-ms="338" status="PASS">
          <reporter-output>
          </reporter-output>
        </test-method> <!-- TC02_LoginFailureTest -->
        <test-method is-config="true" signature="TearDown()[pri:0, instance:testcases.LoginTest@6631f5ca]" started-at="2024-08-07T11:04:30Z" name="TearDown" finished-at="2024-08-07T11:04:30Z" duration-ms="138" status="PASS">
          <reporter-output>
          </reporter-output>
        </test-method> <!-- TearDown -->
        <test-method is-config="true" signature="SetUpDriver()[pri:0, instance:testcases.LoginTest@6631f5ca]" started-at="2024-08-07T11:04:30Z" name="SetUpDriver" finished-at="2024-08-07T11:04:32Z" duration-ms="1381" status="PASS">
          <reporter-output>
          </reporter-output>
        </test-method> <!-- SetUpDriver -->
        <test-method signature="TC03_LockedUserTest()[pri:0, instance:testcases.LoginTest@6631f5ca]" started-at="2024-08-07T11:04:32Z" name="TC03_LockedUserTest" finished-at="2024-08-07T11:04:32Z" duration-ms="340" status="PASS">
          <reporter-output>
          </reporter-output>
        </test-method> <!-- TC03_LockedUserTest -->
        <test-method is-config="true" signature="TearDown()[pri:0, instance:testcases.LoginTest@6631f5ca]" started-at="2024-08-07T11:04:32Z" name="TearDown" finished-at="2024-08-07T11:04:32Z" duration-ms="116" status="PASS">
          <reporter-output>
          </reporter-output>
        </test-method> <!-- TearDown -->
      </class> <!-- testcases.LoginTest -->
    </test> <!-- Test -->
  </suite> <!-- Suite -->
</testng-results>
